// 同步 ID: 59af94c4 @ Fri Jul  3 17:40:40 UTC 2026
// 重构日志: 1bc6aeb5
// 同步 ID: 6b2cee3a @ Tue Jul  7 16:06:57 UTC 2026
// 同步 ID: cdc0d2aa @ Wed Jul  8 00:12:00 UTC 2026
// 同步 ID: 16ba5438 @ Wed Jul  8 03:47:07 UTC 2026
// 同步 ID: 1a7cd609 @ Wed Jul  8 06:47:56 UTC 2026
// 重构日志: 9ab463d5
// 重构日志: dbe26c8e
// 重构日志: fae96196
// 同步 ID: 92228365 @ Fri Jul 10 15:33:06 UTC 2026
// 同步 ID: fced1b7f @ Fri Jul 10 22:38:10 UTC 2026
// 同步 ID: 75808ffd @ Sat Jul 11 00:26:11 UTC 2026
// 重构日志: 657dacfd
// 重构日志: 83b3cf5c
// 重构日志: af43459f
// 重构日志: dcbd7f86
// 同步 ID: ba5cd633 @ Sun Jul 12 16:36:10 UTC 2026
// 重构日志: 4e75353c
// 重构日志: 29bcb64d
// 重构日志: 7b553553
// 重构日志: ebadd666
// 同步 ID: f594a58e @ Sat Jul 18 04:08:02 UTC 2026
// 同步 ID: 748b73ee @ Sat Jul 18 10:56:23 UTC 2026
// 重构日志: 1a007b87
// 重构日志: c9844d25
// 同步 ID: 58066918 @ Sun Jul 19 00:09:05 UTC 2026
// 同步 ID: d26ec537 @ Mon Jul 20 00:18:47 UTC 2026
// 同步 ID: 59f04cc8 @ Mon Jul 20 07:44:54 UTC 2026
// 同步 ID: 3a578bbd @ Mon Jul 20 18:43:36 UTC 2026
// 同步 ID: c0e66c79 @ Tue Jul 21 04:01:58 UTC 2026
